<?xml version="1.0" encoding="UTF-8"?>
<!-- Generated by org.testng.reporters.JUnitXMLReporter -->
<testsuite hostname="Shashi-Kumar" ignored="4" name="Test" tests="2" failures="0" timestamp="2019-12-28T12:33:49 IST" time="0.07" errors="0">
  <testcase name="deleteUser" time="0.006" classname="basics.Tst_Grp_DemoA"/>
  <testcase name="deleteTask" time="0.002" classname="basics.Tst_Grp_DemoB"/>
  <testcase name="editUser" time="0.0" classname="basics.Tst_Grp_DemoA">
    <ignored/>
  </testcase> <!-- editUser -->
  <testcase name="createTask" time="0.0" classname="basics.Tst_Grp_DemoB">
    <ignored/>
  </testcase> <!-- createTask -->
  <testcase name="createUser" time="0.0" classname="basics.Tst_Grp_DemoA">
    <ignored/>
  </testcase> <!-- createUser -->
  <testcase name="editTask" time="0.0" classname="basics.Tst_Grp_DemoB">
    <ignored/>
  </testcase> <!-- editTask -->
</testsuite> <!-- Test -->
